test_EC1 (__main__.MainTestingRoutine) ... ok
test_EC2 (__main__.MainTestingRoutine) ... ERROR
test_EC3 (__main__.MainTestingRoutine) ... ERROR
test_EC4 (__main__.MainTestingRoutine) ... FAIL
test_ECFinal (__main__.MainTestingRoutine) ... ERROR
test_Login1 (__main__.MainTestingRoutine) ... ok
test_Login2 (__main__.MainTestingRoutine) ... ok
test_Login3 (__main__.MainTestingRoutine) ... ok
test_Login4 (__main__.MainTestingRoutine) ... ok
test_Login5 (__main__.MainTestingRoutine) ... ok
test_SignUp1 (__main__.MainTestingRoutine) ... ok
test_SignUp2 (__main__.MainTestingRoutine) ... ok
test_SignUp3 (__main__.MainTestingRoutine) ... ok
test_SignUp4 (__main__.MainTestingRoutine) ... ok
test_SignUp5 (__main__.MainTestingRoutine) ... ok
test_SignUp6 (__main__.MainTestingRoutine) ... ok
test_SignUp7 (__main__.MainTestingRoutine) ... ok
test_SignUp8 (__main__.MainTestingRoutine) ... ok

======================================================================
ERROR: test_EC2 (__main__.MainTestingRoutine)
----------------------------------------------------------------------
Traceback (most recent call last):
  File "C:\Users\youss\Desktop\SWE\EventBrite_Clone_Testing\Web\WebsiteUnitTest-Main.py", line 77, in test_EC2
    NoLocation()
  File "C:\Users\youss\Desktop\SWE\EventBrite_Clone_Testing\Web\EventCreationTests.py", line 96, in NoLocation
    savebutton = WebDriverWait(driver, 20).until(lambda x: x.find_element(By.XPATH, SaveButtonXPATH))
  File "C:\Users\youss\AppData\Local\Programs\Python\Python38\lib\site-packages\selenium\webdriver\support\wait.py", line 86, in until
    value = method(self._driver)
  File "C:\Users\youss\Desktop\SWE\EventBrite_Clone_Testing\Web\EventCreationTests.py", line 96, in <lambda>
    savebutton = WebDriverWait(driver, 20).until(lambda x: x.find_element(By.XPATH, SaveButtonXPATH))
  File "C:\Users\youss\AppData\Local\Programs\Python\Python38\lib\site-packages\selenium\webdriver\remote\webdriver.py", line 830, in find_element
    return self.execute(Command.FIND_ELEMENT, {"using": by, "value": value})["value"]
  File "C:\Users\youss\AppData\Local\Programs\Python\Python38\lib\site-packages\selenium\webdriver\remote\webdriver.py", line 440, in execute
    self.error_handler.check_response(response)
  File "C:\Users\youss\AppData\Local\Programs\Python\Python38\lib\site-packages\selenium\webdriver\remote\errorhandler.py", line 245, in check_response
    raise exception_class(message, screen, stacktrace)
selenium.common.exceptions.InvalidSelectorException: Message: invalid selector: The result of the xpath expression "/html/body/div[1]/div[2]/div/div/div/div/div/div[2]/div/div[2]/div[2]/div/div/div/div[2]/div/div/div/button[2]/text()" is: [object Text]. It should be an element.
  (Session info: MicrosoftEdge=111.0.1661.54)
Stacktrace:
Backtrace:
	Microsoft::Applications::Events::EventProperties::SetProperty [0x00007FF79B0FA5C2+12658]
	Microsoft::Applications::Events::EventProperty::EventProperty [0x00007FF79B092862+747634]
	(No symbol) [0x00007FF79AD2DD2E]
	(No symbol) [0x00007FF79AD319DD]
	(No symbol) [0x00007FF79AD31659]
	(No symbol) [0x00007FF79AD31AB0]
	(No symbol) [0x00007FF79AD6F6D7]
	(No symbol) [0x00007FF79AD6FCD0]
	(No symbol) [0x00007FF79ADAB4B7]
	(No symbol) [0x00007FF79AD8F42F]
	(No symbol) [0x00007FF79AD62791]
	(No symbol) [0x00007FF79ADA874C]
	(No symbol) [0x00007FF79AD8F1C3]
	(No symbol) [0x00007FF79AD617D6]
	(No symbol) [0x00007FF79AD609B5]
	(No symbol) [0x00007FF79AD61F44]
	Microsoft::Applications::Events::EventProperties::SetProperty [0x00007FF79AFA5530+147088]
	(No symbol) [0x00007FF79AE491A6]
	Microsoft::Applications::Events::EventProperty::EventProperty [0x00007FF79AFE4497+33959]
	Microsoft::Applications::Events::EventProperty::EventProperty [0x00007FF79AFE7F65+49013]
	Microsoft::Applications::Events::ILogManager::DispatchEventBroadcast [0x00007FF79B2D9933+1305299]
	Microsoft::Applications::Events::EventProperty::EventProperty [0x00007FF79B09AE1C+781868]
	Microsoft::Applications::Events::EventProperty::EventProperty [0x00007FF79B0A0344+803668]
	Microsoft::Applications::Events::EventProperty::EventProperty [0x00007FF79B0A049C+804012]
	Microsoft::Applications::Events::EventProperty::EventProperty [0x00007FF79B0A85A1+837041]
	BaseThreadInitThunk [0x00007FFB409F26BD+29]
	RtlUserThreadStart [0x00007FFB42BAA9F8+40]


======================================================================
ERROR: test_EC3 (__main__.MainTestingRoutine)
----------------------------------------------------------------------
Traceback (most recent call last):
  File "C:\Users\youss\Desktop\SWE\EventBrite_Clone_Testing\Web\WebsiteUnitTest-Main.py", line 80, in test_EC3
    NoTitle()
  File "C:\Users\youss\Desktop\SWE\EventBrite_Clone_Testing\Web\EventCreationTests.py", line 104, in NoTitle
    TagBox = driver.find_element(By.CSS_SELECTOR, TagFieldSelector)
  File "C:\Users\youss\AppData\Local\Programs\Python\Python38\lib\site-packages\selenium\webdriver\remote\webdriver.py", line 830, in find_element
    return self.execute(Command.FIND_ELEMENT, {"using": by, "value": value})["value"]
  File "C:\Users\youss\AppData\Local\Programs\Python\Python38\lib\site-packages\selenium\webdriver\remote\webdriver.py", line 440, in execute
    self.error_handler.check_response(response)
  File "C:\Users\youss\AppData\Local\Programs\Python\Python38\lib\site-packages\selenium\webdriver\remote\errorhandler.py", line 245, in check_response
    raise exception_class(message, screen, stacktrace)
selenium.common.exceptions.InvalidSelectorException: Message: invalid selector: An invalid or illegal selector was specified
  (Session info: MicrosoftEdge=111.0.1661.54)
Stacktrace:
Backtrace:
	Microsoft::Applications::Events::EventProperties::SetProperty [0x00007FF79B0FA5C2+12658]
	Microsoft::Applications::Events::EventProperty::EventProperty [0x00007FF79B092862+747634]
	(No symbol) [0x00007FF79AD2DD2E]
	(No symbol) [0x00007FF79AD319DD]
	(No symbol) [0x00007FF79AD31659]
	(No symbol) [0x00007FF79AD31AB0]
	(No symbol) [0x00007FF79AD6F6D7]
	(No symbol) [0x00007FF79AD6FCD0]
	(No symbol) [0x00007FF79ADAB4B7]
	(No symbol) [0x00007FF79AD8F42F]
	(No symbol) [0x00007FF79AD62791]
	(No symbol) [0x00007FF79ADA874C]
	(No symbol) [0x00007FF79AD8F1C3]
	(No symbol) [0x00007FF79AD617D6]
	(No symbol) [0x00007FF79AD609B5]
	(No symbol) [0x00007FF79AD61F44]
	Microsoft::Applications::Events::EventProperties::SetProperty [0x00007FF79AFA5530+147088]
	(No symbol) [0x00007FF79AE491A6]
	Microsoft::Applications::Events::EventProperty::EventProperty [0x00007FF79AFE4497+33959]
	Microsoft::Applications::Events::EventProperty::EventProperty [0x00007FF79AFE7F65+49013]
	Microsoft::Applications::Events::ILogManager::DispatchEventBroadcast [0x00007FF79B2D9933+1305299]
	Microsoft::Applications::Events::EventProperty::EventProperty [0x00007FF79B09AE1C+781868]
	Microsoft::Applications::Events::EventProperty::EventProperty [0x00007FF79B0A0344+803668]
	Microsoft::Applications::Events::EventProperty::EventProperty [0x00007FF79B0A049C+804012]
	Microsoft::Applications::Events::EventProperty::EventProperty [0x00007FF79B0A85A1+837041]
	BaseThreadInitThunk [0x00007FFB409F26BD+29]
	RtlUserThreadStart [0x00007FFB42BAA9F8+40]


======================================================================
ERROR: test_ECFinal (__main__.MainTestingRoutine)
----------------------------------------------------------------------
Traceback (most recent call last):
  File "C:\Users\youss\Desktop\SWE\EventBrite_Clone_Testing\Web\WebsiteUnitTest-Main.py", line 86, in test_ECFinal
    NormalEventCreation()
  File "C:\Users\youss\Desktop\SWE\EventBrite_Clone_Testing\Web\EventCreationTests.py", line 61, in NormalEventCreation
    savebutton = WebDriverWait(driver, 20).until(lambda x: x.find_element(By.XPATH, SaveButtonXPATH))
  File "C:\Users\youss\AppData\Local\Programs\Python\Python38\lib\site-packages\selenium\webdriver\support\wait.py", line 86, in until
    value = method(self._driver)
  File "C:\Users\youss\Desktop\SWE\EventBrite_Clone_Testing\Web\EventCreationTests.py", line 61, in <lambda>
    savebutton = WebDriverWait(driver, 20).until(lambda x: x.find_element(By.XPATH, SaveButtonXPATH))
  File "C:\Users\youss\AppData\Local\Programs\Python\Python38\lib\site-packages\selenium\webdriver\remote\webdriver.py", line 830, in find_element
    return self.execute(Command.FIND_ELEMENT, {"using": by, "value": value})["value"]
  File "C:\Users\youss\AppData\Local\Programs\Python\Python38\lib\site-packages\selenium\webdriver\remote\webdriver.py", line 440, in execute
    self.error_handler.check_response(response)
  File "C:\Users\youss\AppData\Local\Programs\Python\Python38\lib\site-packages\selenium\webdriver\remote\errorhandler.py", line 245, in check_response
    raise exception_class(message, screen, stacktrace)
selenium.common.exceptions.InvalidSelectorException: Message: invalid selector: The result of the xpath expression "/html/body/div[1]/div[2]/div/div/div/div/div/div[2]/div/div[2]/div[2]/div/div/div/div[2]/div/div/div/button[2]/text()" is: [object Text]. It should be an element.
  (Session info: MicrosoftEdge=111.0.1661.54)
Stacktrace:
Backtrace:
	Microsoft::Applications::Events::EventProperties::SetProperty [0x00007FF79B0FA5C2+12658]
	Microsoft::Applications::Events::EventProperty::EventProperty [0x00007FF79B092862+747634]
	(No symbol) [0x00007FF79AD2DD2E]
	(No symbol) [0x00007FF79AD319DD]
	(No symbol) [0x00007FF79AD31659]
	(No symbol) [0x00007FF79AD31AB0]
	(No symbol) [0x00007FF79AD6F6D7]
	(No symbol) [0x00007FF79AD6FCD0]
	(No symbol) [0x00007FF79ADAB4B7]
	(No symbol) [0x00007FF79AD8F42F]
	(No symbol) [0x00007FF79AD62791]
	(No symbol) [0x00007FF79ADA874C]
	(No symbol) [0x00007FF79AD8F1C3]
	(No symbol) [0x00007FF79AD617D6]
	(No symbol) [0x00007FF79AD609B5]
	(No symbol) [0x00007FF79AD61F44]
	Microsoft::Applications::Events::EventProperties::SetProperty [0x00007FF79AFA5530+147088]
	(No symbol) [0x00007FF79AE491A6]
	Microsoft::Applications::Events::EventProperty::EventProperty [0x00007FF79AFE4497+33959]
	Microsoft::Applications::Events::EventProperty::EventProperty [0x00007FF79AFE7F65+49013]
	Microsoft::Applications::Events::ILogManager::DispatchEventBroadcast [0x00007FF79B2D9933+1305299]
	Microsoft::Applications::Events::EventProperty::EventProperty [0x00007FF79B09AE1C+781868]
	Microsoft::Applications::Events::EventProperty::EventProperty [0x00007FF79B0A0344+803668]
	Microsoft::Applications::Events::EventProperty::EventProperty [0x00007FF79B0A049C+804012]
	Microsoft::Applications::Events::EventProperty::EventProperty [0x00007FF79B0A85A1+837041]
	BaseThreadInitThunk [0x00007FFB409F26BD+29]
	RtlUserThreadStart [0x00007FFB42BAA9F8+40]


======================================================================
FAIL: test_EC4 (__main__.MainTestingRoutine)
----------------------------------------------------------------------
Traceback (most recent call last):
  File "C:\Users\youss\Desktop\SWE\EventBrite_Clone_Testing\Web\WebsiteUnitTest-Main.py", line 83, in test_EC4
    TestDoubleTags()
  File "C:\Users\youss\Desktop\SWE\EventBrite_Clone_Testing\Web\EventCreationTests.py", line 88, in TestDoubleTags
    assert "Tag already exists." in driver.page_source
AssertionError

----------------------------------------------------------------------
Ran 18 tests in 569.365s

FAILED (failures=1, errors=3)
